<?xml version="1.0" encoding="UTF-8"?>
<!-- Generated by org.testng.reporters.JUnitReportReporter -->
<testsuite hostname="DESKTOP-NPUSCIN" failures="0" tests="1" name="tests.GetAndPostExamples" time="7.910" errors="0" timestamp="2021-04-01T08:48:05 IST" skipped="0">
  <testcase classname="tests.GetAndPostExamples" name="testGet" time="7.910"/>
  <system-out/>
</testsuite> <!-- tests.GetAndPostExamples -->
