<?xml version="1.0" encoding="UTF-8"?>
<!-- Generated by org.testng.reporters.JUnitReportReporter -->
<testsuite hostname="DESKTOP-NPUSCIN" failures="0" tests="2" name="tests.TestOne" time="7.157" errors="0" timestamp="2021-04-01T07:31:35 IST" skipped="0">
  <testcase classname="tests.TestOne" name="test_1" time="6.895"/>
  <system-out/>
  <testcase classname="tests.TestOne" name="test_2" time="0.262"/>
  <system-out/>
</testsuite> <!-- tests.TestOne -->
