<?xml version="1.0" encoding="UTF-8"?>
<!-- Generated by org.testng.reporters.JUnitReportReporter -->
<testsuite hostname="DESKTOP-NPUSCIN" failures="0" tests="1" name="tests.PostExample" time="10.886" errors="0" timestamp="2021-04-01T13:41:16 IST" skipped="0">
  <testcase classname="tests.PostExample" name="testPost" time="10.886"/>
  <system-out/>
</testsuite> <!-- tests.PostExample -->
